<html>
<head>
<title>TestNG:  Test</title>
<link href="../testng.css" rel="stylesheet" type="text/css" />
<link href="../my-testng.css" rel="stylesheet" type="text/css" />

<style type="text/css">
.log { display: none;} 
.stack-trace { display: none;} 
</style>
<script type="text/javascript">
<!--
function flip(e) {
  current = e.style.display;
  if (current == 'block') {
    e.style.display = 'none';
    return 0;
  }
  else {
    e.style.display = 'block';
    return 1;
  }
}

function toggleBox(szDivId, elem, msg1, msg2)
{
  var res = -1;  if (document.getElementById) {
    res = flip(document.getElementById(szDivId));
  }
  else if (document.all) {
    // this is the way old msie versions work
    res = flip(document.all[szDivId]);
  }
  if(elem) {
    if(res == 0) elem.innerHTML = msg1; else elem.innerHTML = msg2;
  }

}

function toggleAllBoxes() {
  if (document.getElementsByTagName) {
    d = document.getElementsByTagName('div');
    for (i = 0; i < d.length; i++) {
      if (d[i].className == 'log') {
        flip(d[i]);
      }
    }
  }
}

// -->
</script>

</head>
<body>
<h2 align='center'>Test</h2><table border='1' align="center">
<tr>
<td>Tests passed/Failed/Skipped:</td><td>13/1/0</td>
</tr><tr>
<td>Started on:</td><td>Sun Jul 14 10:01:39 BDT 2024</td>
</tr>
<tr><td>Total time:</td><td>24 seconds (24098 ms)</td>
</tr><tr>
<td>Included groups:</td><td></td>
</tr><tr>
<td>Excluded groups:</td><td></td>
</tr>
</table><p/>
<small><i>(Hover the method name to see the test class name)</i></small><p/>
<table width='100%' border='1' class='invocation-failed'>
<tr><td colspan='4' align='center'><b>FAILED TESTS</b></td></tr>
<tr><td><b>Test method</b></td>
<td width="30%"><b>Exception</b></td>
<td width="10%"><b>Time (seconds)</b></td>
<td><b>Instance</b></td>
</tr>
<tr>
<td title='api.test.UserTests.test_LogoutUser()'><b>test_LogoutUser</b><br>Test class: api.test.UserTests<br>Test method: test for validating of user logout</td>
<td><div><pre>java.lang.AssertionError: message should contain ok message expected [true] but found [false]
	at api.test.UserTests.test_LogoutUser(UserTests.java:78)
	at java.base/java.util.ArrayList.forEach(ArrayList.java:1511)
... Removed 30 stack frames</pre></div><a href='#' onClick='toggleBox("stack-trace1478318899", this, "Click to show all stack frames", "Click to hide stack frames")'>Click to show all stack frames</a>
<div class='stack-trace' id='stack-trace1478318899'><pre>java.lang.AssertionError: message should contain ok message expected [true] but found [false]
	at org.testng.Assert.fail(Assert.java:99)
	at org.testng.Assert.failNotEquals(Assert.java:1037)
	at org.testng.Assert.assertTrue(Assert.java:45)
	at api.test.UserTests.test_LogoutUser(UserTests.java:78)
	at java.base/jdk.internal.reflect.NativeMethodAccessorImpl.invoke0(Native Method)
	at java.base/jdk.internal.reflect.NativeMethodAccessorImpl.invoke(NativeMethodAccessorImpl.java:77)
	at java.base/jdk.internal.reflect.DelegatingMethodAccessorImpl.invoke(DelegatingMethodAccessorImpl.java:43)
	at java.base/java.lang.reflect.Method.invoke(Method.java:568)
	at org.testng.internal.MethodInvocationHelper.invokeMethod(MethodInvocationHelper.java:133)
	at org.testng.internal.TestInvoker.invokeMethod(TestInvoker.java:598)
	at org.testng.internal.TestInvoker.invokeTestMethod(TestInvoker.java:173)
	at org.testng.internal.MethodRunner.runInSequence(MethodRunner.java:46)
	at org.testng.internal.TestInvoker$MethodInvocationAgent.invoke(TestInvoker.java:824)
	at org.testng.internal.TestInvoker.invokeTestMethods(TestInvoker.java:146)
	at org.testng.internal.TestMethodWorker.invokeTestMethods(TestMethodWorker.java:146)
	at org.testng.internal.TestMethodWorker.run(TestMethodWorker.java:128)
	at java.base/java.util.ArrayList.forEach(ArrayList.java:1511)
	at org.testng.TestRunner.privateRun(TestRunner.java:794)
	at org.testng.TestRunner.run(TestRunner.java:596)
	at org.testng.SuiteRunner.runTest(SuiteRunner.java:377)
	at org.testng.SuiteRunner.runSequentially(SuiteRunner.java:371)
	at org.testng.SuiteRunner.privateRun(SuiteRunner.java:332)
	at org.testng.SuiteRunner.run(SuiteRunner.java:276)
	at org.testng.SuiteRunnerWorker.runSuite(SuiteRunnerWorker.java:53)
	at org.testng.SuiteRunnerWorker.run(SuiteRunnerWorker.java:96)
	at org.testng.TestNG.runSuitesSequentially(TestNG.java:1212)
	at org.testng.TestNG.runSuitesLocally(TestNG.java:1134)
	at org.testng.TestNG.runSuites(TestNG.java:1063)
	at org.testng.TestNG.run(TestNG.java:1031)
	at org.testng.remote.AbstractRemoteTestNG.run(AbstractRemoteTestNG.java:115)
	at org.testng.remote.RemoteTestNG.initAndRun(RemoteTestNG.java:293)
	at org.testng.remote.RemoteTestNG.main(RemoteTestNG.java:91)
</pre></div></td>
<td>1</td>
<td>api.test.UserTests@7748410a</td></tr>
</table><p>
<table width='100%' border='1' class='invocation-passed'>
<tr><td colspan='4' align='center'><b>PASSED TESTS</b></td></tr>
<tr><td><b>Test method</b></td>
<td width="30%"><b>Exception</b></td>
<td width="10%"><b>Time (seconds)</b></td>
<td><b>Instance</b></td>
</tr>
<tr>
<td title='api.test.DDTests.test_deleteuser()'><b>test_deleteuser</b><br>Test class: api.test.DDTests<br>Test method: Testing the delete request for ddt<br>Parameters: testuser3</td>
<td></td>
<td>1</td>
<td>api.test.DDTests@2a266d09</td></tr>
<tr>
<td title='api.test.DDTests.test_deleteuser()'><b>test_deleteuser</b><br>Test class: api.test.DDTests<br>Test method: Testing the delete request for ddt<br>Parameters: testuser4</td>
<td></td>
<td>1</td>
<td>api.test.DDTests@2a266d09</td></tr>
<tr>
<td title='api.test.UserTests.test_UpdateUser()'><b>test_UpdateUser</b><br>Test class: api.test.UserTests<br>Test method: Test for Validating update user through status code</td>
<td></td>
<td>2</td>
<td>api.test.UserTests@7748410a</td></tr>
<tr>
<td title='api.test.UserTests.test_CreateUser()'><b>test_CreateUser</b><br>Test class: api.test.UserTests<br>Test method: Test for validating a user creation in the pet store</td>
<td></td>
<td>3</td>
<td>api.test.UserTests@7748410a</td></tr>
<tr>
<td title='api.test.DDTests.test_postUser()'><b>test_postUser</b><br>Test class: api.test.DDTests<br>Test method: Test case for creating user through post method<br>Parameters: 1020, testuser2, Kim, Kennedy, kim@gmail.com, test@2, 1234567890</td>
<td></td>
<td>1</td>
<td>api.test.DDTests@2a266d09</td></tr>
<tr>
<td title='api.test.DDTests.test_postUser()'><b>test_postUser</b><br>Test class: api.test.DDTests<br>Test method: Test case for creating user through post method<br>Parameters: 1040, testuser4, Kelly, Matt, kelly@gmail.com, test@4, 12457896545</td>
<td></td>
<td>1</td>
<td>api.test.DDTests@2a266d09</td></tr>
<tr>
<td title='api.test.UserTests.test_GetUser()'><b>test_GetUser</b><br>Test class: api.test.UserTests<br>Test method: Test for Validating Get user through status code</td>
<td></td>
<td>1</td>
<td>api.test.UserTests@7748410a</td></tr>
<tr>
<td title='api.test.DDTests.test_deleteuser()'><b>test_deleteuser</b><br>Test class: api.test.DDTests<br>Test method: Testing the delete request for ddt<br>Parameters: testuser1</td>
<td></td>
<td>1</td>
<td>api.test.DDTests@2a266d09</td></tr>
<tr>
<td title='api.test.DDTests.test_postUser()'><b>test_postUser</b><br>Test class: api.test.DDTests<br>Test method: Test case for creating user through post method<br>Parameters: 1030, testuser3, Smith, Mitchel, smith@gmail.com, test@3, 1234567890</td>
<td></td>
<td>1</td>
<td>api.test.DDTests@2a266d09</td></tr>
<tr>
<td title='api.test.UserTests.test_DeleteUser()'><b>test_DeleteUser</b><br>Test class: api.test.UserTests<br>Test method: Test for Validating delete user through status code</td>
<td></td>
<td>1</td>
<td>api.test.UserTests@7748410a</td></tr>
<tr>
<td title='api.test.DDTests.test_deleteuser()'><b>test_deleteuser</b><br>Test class: api.test.DDTests<br>Test method: Testing the delete request for ddt<br>Parameters: testuser2</td>
<td></td>
<td>1</td>
<td>api.test.DDTests@2a266d09</td></tr>
<tr>
<td title='api.test.UserTests.test_LoginUser()'><b>test_LoginUser</b><br>Test class: api.test.UserTests<br>Test method: Test for validating login user</td>
<td></td>
<td>1</td>
<td>api.test.UserTests@7748410a</td></tr>
<tr>
<td title='api.test.DDTests.test_postUser()'><b>test_postUser</b><br>Test class: api.test.DDTests<br>Test method: Test case for creating user through post method<br>Parameters: 1010, testuser1, John, Starc, john@gmail.com, test@1, 1234567890</td>
<td></td>
<td>1</td>
<td>api.test.DDTests@2a266d09</td></tr>
</table><p>
</body>
</html>